app/build/intermediates/manifest_merge_blame_file/debug/manifest-merger-blame-debug-report.txt
1<?xml version="1.0" encoding="utf-8"?>
2<manifest xmlns:android="http://schemas.android.com/apk/res/android"
3    package="com.netfeige2"
4    android:versionCode="50"
5    android:versionName="6.1.200622" >
6
7    <uses-sdk
8        android:minSdkVersion="21"
9        android:targetSdkVersion="34" />
10    <!-- 请求安装文件包 -->
11    <uses-permission android:name="android.permission.REQUEST_INSTALL_PACKAGES" />
11-->src\main\AndroidManifest.xml:6:2-79
11-->src\main\AndroidManifest.xml:6:19-77
12    <!-- 删除应用 -->
13    <uses-permission android:name="android.permission.DELETE_PACKAGES" />
13-->src\main\AndroidManifest.xml:8:2-70
13-->src\main\AndroidManifest.xml:8:19-68
14    <!-- 挂载文件系统 -->
15    <uses-permission android:name="android.permission.MOUNT_UNMOUNT_FILESYSTEMS" />
15-->src\main\AndroidManifest.xml:10:2-80
15-->src\main\AndroidManifest.xml:10:19-78
16    <!-- 格式化文件系统 -->
17    <uses-permission android:name="android.permission.MOUNT_FORMAT_FILESYSTEMS" />
17-->src\main\AndroidManifest.xml:12:2-79
17-->src\main\AndroidManifest.xml:12:19-77
18    <!-- 读取您共享存储空间中的内容 -->
19    <uses-permission android:name="android.permission.READ_EXTERNAL_STORAGE" />
19-->src\main\AndroidManifest.xml:14:2-76
19-->src\main\AndroidManifest.xml:14:19-74
20    <!-- 修改或删除您共享存储空间中的内容 -->
21    <uses-permission android:name="android.permission.WRITE_EXTERNAL_STORAGE" />
21-->src\main\AndroidManifest.xml:16:2-77
21-->src\main\AndroidManifest.xml:16:19-75
22    <!-- 关闭其他应用 -->
23    <uses-permission android:name="android.permission.KILL_BACKGROUND_PROCESSES" />
23-->src\main\AndroidManifest.xml:18:2-80
23-->src\main\AndroidManifest.xml:18:19-78
24    <!-- 关闭其他应用 -->
25    <uses-permission android:name="android.permission.RESTART_PACKAGES" />
25-->src\main\AndroidManifest.xml:20:2-71
25-->src\main\AndroidManifest.xml:20:19-69
26    <!-- 拥有完全的网络访问权限 -->
27    <uses-permission android:name="android.permission.INTERNET" />
27-->src\main\AndroidManifest.xml:22:2-63
27-->src\main\AndroidManifest.xml:22:19-61
28    <!-- 改变配置 -->
29    <uses-permission android:name="android.permission.CHANGE_CONFIGURATION" />
29-->src\main\AndroidManifest.xml:24:2-75
29-->src\main\AndroidManifest.xml:24:19-73
30    <!-- 查看网络连接 -->
31    <uses-permission android:name="android.permission.ACCESS_NETWORK_STATE" />
31-->src\main\AndroidManifest.xml:26:2-75
31-->src\main\AndroidManifest.xml:26:19-73
32    <!-- 读取手机状态和身份 -->
33    <uses-permission android:name="android.permission.READ_PHONE_STATE" />
33-->src\main\AndroidManifest.xml:28:2-71
33-->src\main\AndroidManifest.xml:28:19-69
34    <!-- 查看 WLAN 连接 -->
35    <uses-permission android:name="android.permission.ACCESS_WIFI_STATE" />
35-->src\main\AndroidManifest.xml:30:2-72
35-->src\main\AndroidManifest.xml:30:19-70
36    <!-- 更改网络连接性 -->
37    <uses-permission android:name="android.permission.CHANGE_NETWORK_STATE" />
37-->src\main\AndroidManifest.xml:32:2-75
37-->src\main\AndroidManifest.xml:32:19-73
38    <!-- 读取系统日志 -->
39    <uses-permission android:name="android.permission.READ_LOGS" />
39-->src\main\AndroidManifest.xml:34:2-64
39-->src\main\AndroidManifest.xml:34:19-62
40    <!-- 停用屏幕锁定 -->
41    <uses-permission android:name="android.permission.DISABLE_KEYGUARD" />
41-->src\main\AndroidManifest.xml:36:2-71
41-->src\main\AndroidManifest.xml:36:19-69
42    <uses-permission android:name="android.permission.ACCESS_CHECKIN_PROPERTIES" />
42-->src\main\AndroidManifest.xml:37:2-80
42-->src\main\AndroidManifest.xml:37:19-78
43    <!-- 防止手机休眠 -->
44    <uses-permission android:name="android.permission.WAKE_LOCK" />
44-->src\main\AndroidManifest.xml:39:2-64
44-->src\main\AndroidManifest.xml:39:19-62
45    <!-- 连接 WLAN 网络和断开连接 -->
46    <uses-permission android:name="android.permission.CHANGE_WIFI_STATE" />
46-->src\main\AndroidManifest.xml:41:2-72
46-->src\main\AndroidManifest.xml:41:19-70
47    <!-- 修改电话状态 -->
48    <uses-permission android:name="android.permission.MODIFY_PHONE_STATE" />
48-->src\main\AndroidManifest.xml:43:2-73
48-->src\main\AndroidManifest.xml:43:19-71
49    <!-- 读取主屏幕的设置和快捷方式 -->
50    <uses-permission android:name="com.android.launcher.permission.READ_SETTINGS" />
50-->src\main\AndroidManifest.xml:45:2-81
50-->src\main\AndroidManifest.xml:45:19-79
51    <!-- 允许接收 WLAN 多播 -->
52    <uses-permission android:name="android.permission.CHANGE_WIFI_MULTICAST_STATE" />
52-->src\main\AndroidManifest.xml:47:2-82
52-->src\main\AndroidManifest.xml:47:19-80
53    <!-- 录音 -->
54    <uses-permission android:name="android.permission.RECORD_AUDIO" />
54-->src\main\AndroidManifest.xml:49:2-67
54-->src\main\AndroidManifest.xml:49:19-65
55    <!-- 更改您的音频设置 -->
56    <uses-permission android:name="android.permission.MODIFY_AUDIO_SETTINGS" />
56-->src\main\AndroidManifest.xml:51:2-76
56-->src\main\AndroidManifest.xml:51:19-74
57    <!-- 检索正在运行的应用 -->
58    <uses-permission android:name="android.permission.GET_TASKS" />
58-->src\main\AndroidManifest.xml:53:2-64
58-->src\main\AndroidManifest.xml:53:19-62
59
60    <permission
60-->[androidx.core:core:1.10.1] AndroidManifest.xml:22:5-24:47
61        android:name="com.netfeige2.DYNAMIC_RECEIVER_NOT_EXPORTED_PERMISSION"
61-->[androidx.core:core:1.10.1] AndroidManifest.xml:23:9-81
62        android:protectionLevel="signature" />
62-->[androidx.core:core:1.10.1] AndroidManifest.xml:24:9-44
63
64    <uses-permission android:name="com.netfeige2.DYNAMIC_RECEIVER_NOT_EXPORTED_PERMISSION" />
64-->[androidx.core:core:1.10.1] AndroidManifest.xml:26:5-97
64-->[androidx.core:core:1.10.1] AndroidManifest.xml:26:22-94
65
66    <application
66-->src\main\AndroidManifest.xml:54:2-249:16
67        android:name="com.netfeige2.display.data.IpmsgApplication"
67-->src\main\AndroidManifest.xml:58:3-61
68        android:appComponentFactory="androidx.core.app.CoreComponentFactory"
68-->src\main\AndroidManifest.xml:60:3-71
69        android:clearTaskOnLaunch="false"
69-->src\main\AndroidManifest.xml:59:3-36
70        android:debuggable="true"
71        android:extractNativeLibs="true"
72        android:icon="@drawable/ic_launcher1"
72-->src\main\AndroidManifest.xml:57:3-40
73        android:label="@string/app_name"
73-->src\main\AndroidManifest.xml:56:3-35
74        android:theme="@android:style/Theme.NoTitleBar" >
74-->src\main\AndroidManifest.xml:55:3-50
75        <provider
75-->src\main\AndroidManifest.xml:61:3-69:14
76            android:name="androidx.core.content.FileProvider"
76-->src\main\AndroidManifest.xml:62:4-53
77            android:authorities="com.netfeige2.provider"
77-->src\main\AndroidManifest.xml:64:4-48
78            android:exported="false"
78-->src\main\AndroidManifest.xml:63:4-28
79            android:grantUriPermissions="true" >
79-->src\main\AndroidManifest.xml:65:4-38
80            <meta-data
80-->src\main\AndroidManifest.xml:66:4-68:45
81                android:name="android.support.FILE_PROVIDER_PATHS"
81-->src\main\AndroidManifest.xml:67:5-55
82                android:resource="@xml/provider_paths" />
82-->src\main\AndroidManifest.xml:68:5-43
83        </provider>
84
85        <uses-library
85-->src\main\AndroidManifest.xml:70:3-72:30
86            android:name="org.apache.http.legacy"
86-->src\main\AndroidManifest.xml:71:4-41
87            android:required="false" />
87-->src\main\AndroidManifest.xml:72:4-28
88
89        <activity
89-->src\main\AndroidManifest.xml:73:3-82:14
90            android:name="com.netfeige2.display.ui.SplashActivity"
90-->src\main\AndroidManifest.xml:74:4-58
91            android:alwaysRetainTaskState="true"
91-->src\main\AndroidManifest.xml:76:4-40
92            android:exported="true"
92-->src\main\AndroidManifest.xml:77:4-27
93            android:screenOrientation="portrait" >
93-->src\main\AndroidManifest.xml:75:4-40
94            <intent-filter>
94-->src\main\AndroidManifest.xml:78:4-81:20
95                <action android:name="android.intent.action.MAIN" />
95-->src\main\AndroidManifest.xml:79:5-56
95-->src\main\AndroidManifest.xml:79:13-54
96
97                <category android:name="android.intent.category.LAUNCHER" />
97-->src\main\AndroidManifest.xml:80:5-64
97-->src\main\AndroidManifest.xml:80:15-62
98            </intent-filter>
99        </activity>
100        <activity
100-->src\main\AndroidManifest.xml:83:3-85:42
101            android:name="com.netfeige2.display.ui.GuideActivity"
101-->src\main\AndroidManifest.xml:84:4-57
102            android:screenOrientation="portrait" />
102-->src\main\AndroidManifest.xml:85:4-40
103        <activity
103-->src\main\AndroidManifest.xml:86:3-89:42
104            android:name="com.netfeige2.display.ui.IpmsgActivity"
104-->src\main\AndroidManifest.xml:88:4-57
105            android:label="@string/app_name"
105-->src\main\AndroidManifest.xml:87:4-36
106            android:screenOrientation="portrait" />
106-->src\main\AndroidManifest.xml:89:4-40
107        <activity
107-->src\main\AndroidManifest.xml:90:3-93:47
108            android:name="com.netfeige2.display.ui.ChatActivity"
108-->src\main\AndroidManifest.xml:91:4-56
109            android:screenOrientation="portrait"
109-->src\main\AndroidManifest.xml:92:4-40
110            android:windowSoftInputMode="stateHidden" />
110-->src\main\AndroidManifest.xml:93:4-45
111        <activity
111-->src\main\AndroidManifest.xml:94:3-96:42
112            android:name="com.netfeige2.display.ui.FileActivity"
112-->src\main\AndroidManifest.xml:95:4-56
113            android:screenOrientation="portrait" />
113-->src\main\AndroidManifest.xml:96:4-40
114        <activity
114-->src\main\AndroidManifest.xml:97:3-101:57
115            android:name="com.netfeige2.display.ui.OptionActivity"
115-->src\main\AndroidManifest.xml:98:4-58
116            android:launchMode="singleTask"
116-->src\main\AndroidManifest.xml:99:4-35
117            android:screenOrientation="portrait"
117-->src\main\AndroidManifest.xml:100:4-40
118            android:windowSoftInputMode="adjustPan|stateHidden" />
118-->src\main\AndroidManifest.xml:101:4-55
119        <activity
119-->src\main\AndroidManifest.xml:102:3-105:57
120            android:name="com.netfeige2.display.ui.NetAddrActivity"
120-->src\main\AndroidManifest.xml:103:4-59
121            android:screenOrientation="portrait"
121-->src\main\AndroidManifest.xml:104:4-40
122            android:windowSoftInputMode="adjustPan|stateHidden" />
122-->src\main\AndroidManifest.xml:105:4-55
123        <activity
123-->src\main\AndroidManifest.xml:106:3-109:57
124            android:name="com.netfeige2.display.ui.NetSectorActivity"
124-->src\main\AndroidManifest.xml:107:4-61
125            android:screenOrientation="portrait"
125-->src\main\AndroidManifest.xml:108:4-40
126            android:windowSoftInputMode="adjustPan|stateHidden" />
126-->src\main\AndroidManifest.xml:109:4-55
127        <activity
127-->src\main\AndroidManifest.xml:110:3-112:42
128            android:name="com.netfeige2.display.ui.GeneralSetupActivity"
128-->src\main\AndroidManifest.xml:111:4-64
129            android:screenOrientation="portrait" />
129-->src\main\AndroidManifest.xml:112:4-40
130        <activity android:name="android.settings.WIRELESS_SETTINGS" />
130-->src\main\AndroidManifest.xml:113:3-64
130-->src\main\AndroidManifest.xml:113:13-62
131        <activity
131-->src\main\AndroidManifest.xml:114:3-116:42
132            android:name="com.netfeige2.display.ui.HelpActivity"
132-->src\main\AndroidManifest.xml:115:4-56
133            android:screenOrientation="portrait" />
133-->src\main\AndroidManifest.xml:116:4-40
134        <activity
134-->src\main\AndroidManifest.xml:117:3-119:42
135            android:name="com.netfeige2.display.ui.FeedbackActivity"
135-->src\main\AndroidManifest.xml:118:4-60
136            android:screenOrientation="portrait" />
136-->src\main\AndroidManifest.xml:119:4-40
137        <activity
137-->src\main\AndroidManifest.xml:120:3-122:42
138            android:name="com.netfeige2.display.ui.AboutActivity"
138-->src\main\AndroidManifest.xml:121:4-57
139            android:screenOrientation="portrait" />
139-->src\main\AndroidManifest.xml:122:4-40
140        <activity
140-->src\main\AndroidManifest.xml:123:3-127:42
141            android:name="com.netfeige2.display.ui.ImagePreviewActivity"
141-->src\main\AndroidManifest.xml:125:4-64
142            android:launchMode="standard"
142-->src\main\AndroidManifest.xml:126:4-33
143            android:screenOrientation="portrait"
143-->src\main\AndroidManifest.xml:127:4-40
144            android:theme="@android:style/Theme.NoTitleBar.Fullscreen" />
144-->src\main\AndroidManifest.xml:124:4-62
145        <activity
145-->src\main\AndroidManifest.xml:128:3-130:42
146            android:name="com.netfeige2.display.ui.WTActivity"
146-->src\main\AndroidManifest.xml:129:4-54
147            android:screenOrientation="portrait" />
147-->src\main\AndroidManifest.xml:130:4-40
148        <activity
148-->src\main\AndroidManifest.xml:131:3-133:42
149            android:name="com.netfeige2.display.ui.PlayMusicActivity"
149-->src\main\AndroidManifest.xml:132:4-61
150            android:screenOrientation="portrait" />
150-->src\main\AndroidManifest.xml:133:4-40
151        <activity
151-->src\main\AndroidManifest.xml:134:3-137:69
152            android:name="com.netfeige2.display.ui.PlayVideoActivity"
152-->src\main\AndroidManifest.xml:135:4-61
153            android:configChanges="screenLayout|orientation|keyboardHidden"
153-->src\main\AndroidManifest.xml:137:4-67
154            android:screenOrientation="landscape" />
154-->src\main\AndroidManifest.xml:136:4-41
155        <activity
155-->src\main\AndroidManifest.xml:138:3-140:42
156            android:name="com.netfeige2.display.ui.SetFeigeDownloadActivity"
156-->src\main\AndroidManifest.xml:139:4-68
157            android:screenOrientation="portrait" />
157-->src\main\AndroidManifest.xml:140:4-40
158        <activity
158-->src\main\AndroidManifest.xml:141:3-143:42
159            android:name="com.netfeige2.display.ui.ChoicePrinterActivity"
159-->src\main\AndroidManifest.xml:142:4-65
160            android:screenOrientation="portrait" />
160-->src\main\AndroidManifest.xml:143:4-40
161        <activity
161-->src\main\AndroidManifest.xml:144:3-146:42
162            android:name="com.netfeige2.display.ui.PrintActivity"
162-->src\main\AndroidManifest.xml:145:4-57
163            android:screenOrientation="portrait" />
163-->src\main\AndroidManifest.xml:146:4-40
164        <activity
164-->src\main\AndroidManifest.xml:147:3-149:42
165            android:name="com.netfeige2.display.ui.wifi.WifiMainActivity"
165-->src\main\AndroidManifest.xml:148:4-65
166            android:screenOrientation="portrait" />
166-->src\main\AndroidManifest.xml:149:4-40
167        <activity
167-->src\main\AndroidManifest.xml:150:3-159:14
168            android:name="com.netfeige2.display.ui.ChoiceUserActivity"
168-->src\main\AndroidManifest.xml:151:4-62
169            android:exported="true"
169-->src\main\AndroidManifest.xml:153:4-27
170            android:screenOrientation="portrait" >
170-->src\main\AndroidManifest.xml:152:4-40
171            <intent-filter android:label="@string/sharename" >
171-->src\main\AndroidManifest.xml:154:4-158:20
171-->src\main\AndroidManifest.xml:154:19-52
172                <action android:name="android.intent.action.SEND" />
172-->src\main\AndroidManifest.xml:155:5-56
172-->src\main\AndroidManifest.xml:155:13-54
173
174                <category android:name="android.intent.category.DEFAULT" />
174-->src\main\AndroidManifest.xml:156:5-63
174-->src\main\AndroidManifest.xml:156:15-61
175
176                <data android:mimeType="*/*" />
176-->src\main\AndroidManifest.xml:157:5-35
176-->src\main\AndroidManifest.xml:157:11-33
177            </intent-filter>
178        </activity>
179        <activity
179-->src\main\AndroidManifest.xml:160:3-162:42
180            android:name="com.netfeige2.display.ui.HeadImageActivity"
180-->src\main\AndroidManifest.xml:161:4-61
181            android:screenOrientation="portrait" />
181-->src\main\AndroidManifest.xml:162:4-40
182        <activity
182-->src\main\AndroidManifest.xml:163:3-165:42
183            android:name="com.netfeige2.display.ui.DimensionalActivity"
183-->src\main\AndroidManifest.xml:164:4-63
184            android:screenOrientation="portrait" />
184-->src\main\AndroidManifest.xml:165:4-40
185        <activity
185-->src\main\AndroidManifest.xml:166:3-168:42
186            android:name="com.netfeige2.display.ui.ChoiceRemotePlayerActivity"
186-->src\main\AndroidManifest.xml:167:4-70
187            android:screenOrientation="portrait" />
187-->src\main\AndroidManifest.xml:168:4-40
188        <activity
188-->src\main\AndroidManifest.xml:169:3-171:42
189            android:name="com.netfeige2.display.ui.VideoControlActivity"
189-->src\main\AndroidManifest.xml:170:4-64
190            android:screenOrientation="portrait" />
190-->src\main\AndroidManifest.xml:171:4-40
191        <activity
191-->src\main\AndroidManifest.xml:172:3-174:42
192            android:name="com.netfeige2.display.ui.AudioControlActivity"
192-->src\main\AndroidManifest.xml:173:4-64
193            android:screenOrientation="portrait" />
193-->src\main\AndroidManifest.xml:174:4-40
194
195        <meta-data
195-->src\main\AndroidManifest.xml:175:3-177:46
196            android:name="UMENG_APPKEY"
196-->src\main\AndroidManifest.xml:176:4-31
197            android:value="50a064ef5270156607000097" />
197-->src\main\AndroidManifest.xml:177:4-44
198        <meta-data
198-->src\main\AndroidManifest.xml:178:3-180:27
199            android:name="UMENG_CHANNEL"
199-->src\main\AndroidManifest.xml:179:4-32
200            android:value="ipmsg" />
200-->src\main\AndroidManifest.xml:180:4-25
201
202        <service
202-->src\main\AndroidManifest.xml:181:3-184:28
203            android:name="com.netfeige2.service.IpmsgService"
203-->src\main\AndroidManifest.xml:182:4-53
204            android:enabled="true"
204-->src\main\AndroidManifest.xml:184:4-26
205            android:permission="android.permission.INTERNET" />
205-->src\main\AndroidManifest.xml:183:4-52
206        <service
206-->src\main\AndroidManifest.xml:185:3-187:28
207            android:name="com.netfeige2.service.MusicService"
207-->src\main\AndroidManifest.xml:186:4-53
208            android:enabled="true" />
208-->src\main\AndroidManifest.xml:187:4-26
209        <service android:name="com.netfeige2.dlna.IpMsgUPnPService" />
209-->src\main\AndroidManifest.xml:188:3-64
209-->src\main\AndroidManifest.xml:188:12-62
210
211        <receiver
211-->src\main\AndroidManifest.xml:189:3-194:14
212            android:name="com.netfeige2.broadcast.NetStatusBroadcast"
212-->src\main\AndroidManifest.xml:189:13-70
213            android:exported="true" >
213-->src\main\AndroidManifest.xml:190:4-27
214            <intent-filter>
214-->src\main\AndroidManifest.xml:191:4-193:20
215                <action android:name="android.net.conn.CONNECTIVITY_CHANGE" />
215-->src\main\AndroidManifest.xml:192:5-66
215-->src\main\AndroidManifest.xml:192:13-64
216            </intent-filter>
217        </receiver>
218        <receiver
218-->src\main\AndroidManifest.xml:195:3-202:14
219            android:name="com.netfeige2.broadcast.WTBroadcast"
219-->src\main\AndroidManifest.xml:195:13-63
220            android:exported="true" >
220-->src\main\AndroidManifest.xml:196:4-27
221            <intent-filter>
221-->src\main\AndroidManifest.xml:197:4-201:20
222                <action android:name="android.net.wifi.WIFI_STATE_CHANGED" />
222-->src\main\AndroidManifest.xml:198:5-65
222-->src\main\AndroidManifest.xml:198:13-63
223                <action android:name="android.net.wifi.SCAN_RESULTS" />
223-->src\main\AndroidManifest.xml:199:5-59
223-->src\main\AndroidManifest.xml:199:13-57
224                <action android:name="android.net.wifi.STATE_CHANGE" />
224-->src\main\AndroidManifest.xml:200:5-59
224-->src\main\AndroidManifest.xml:200:13-57
225            </intent-filter>
226        </receiver>
227
228        <service
228-->src\main\AndroidManifest.xml:203:3-211:13
229            android:name="com.geniusgithub.mediarender.service.MediaRenderService"
229-->src\main\AndroidManifest.xml:204:4-74
230            android:enabled="true"
230-->src\main\AndroidManifest.xml:205:4-26
231            android:exported="true" >
231-->src\main\AndroidManifest.xml:206:4-27
232            <intent-filter>
232-->src\main\AndroidManifest.xml:207:4-210:20
233                <action android:name="com.geniusgithub.start.engine" />
233-->src\main\AndroidManifest.xml:208:5-59
233-->src\main\AndroidManifest.xml:208:13-57
234                <action android:name="com.geniusgithub.restart.engine" />
234-->src\main\AndroidManifest.xml:209:5-61
234-->src\main\AndroidManifest.xml:209:13-59
235            </intent-filter>
236        </service>
237
238        <activity
238-->src\main\AndroidManifest.xml:212:3-215:69
239            android:name="com.geniusgithub.mediarender.MediaRenderActivity"
239-->src\main\AndroidManifest.xml:215:4-67
240            android:label="@string/app_name"
240-->src\main\AndroidManifest.xml:214:4-36
241            android:theme="@android:style/Theme.NoTitleBar.Fullscreen" />
241-->src\main\AndroidManifest.xml:213:4-62
242        <activity
242-->src\main\AndroidManifest.xml:216:3-220:43
243            android:name="com.geniusgithub.mediarender.video.VideoActivity"
243-->src\main\AndroidManifest.xml:218:4-67
244            android:launchMode="singleTask"
244-->src\main\AndroidManifest.xml:219:4-35
245            android:screenOrientation="landscape"
245-->src\main\AndroidManifest.xml:220:4-41
246            android:theme="@android:style/Theme.NoTitleBar.Fullscreen" />
246-->src\main\AndroidManifest.xml:217:4-62
247        <activity
247-->src\main\AndroidManifest.xml:221:3-225:43
248            android:name="com.geniusgithub.mediarender.music.MusicActivity"
248-->src\main\AndroidManifest.xml:223:4-67
249            android:launchMode="singleTask"
249-->src\main\AndroidManifest.xml:224:4-35
250            android:screenOrientation="landscape"
250-->src\main\AndroidManifest.xml:225:4-41
251            android:theme="@android:style/Theme.NoTitleBar.Fullscreen" />
251-->src\main\AndroidManifest.xml:222:4-62
252        <activity
252-->src\main\AndroidManifest.xml:226:3-230:43
253            android:name="com.geniusgithub.mediarender.image.ImageActivity"
253-->src\main\AndroidManifest.xml:229:4-67
254            android:label="@string/app_name"
254-->src\main\AndroidManifest.xml:228:4-36
255            android:screenOrientation="landscape"
255-->src\main\AndroidManifest.xml:230:4-41
256            android:theme="@android:style/Theme.NoTitleBar.Fullscreen" />
256-->src\main\AndroidManifest.xml:227:4-62
257        <activity
257-->src\main\AndroidManifest.xml:231:3-233:42
258            android:name="com.netfeige2.display.ui.TxtBrowserActivity"
258-->src\main\AndroidManifest.xml:232:4-62
259            android:screenOrientation="portrait" />
259-->src\main\AndroidManifest.xml:233:4-40
260        <activity
260-->src\main\AndroidManifest.xml:234:3-236:42
261            android:name="com.netfeige2.display.ui.MyShareActivity"
261-->src\main\AndroidManifest.xml:235:4-59
262            android:screenOrientation="portrait" />
262-->src\main\AndroidManifest.xml:236:4-40
263        <activity
263-->src\main\AndroidManifest.xml:237:3-239:42
264            android:name="com.netfeige2.display.ui.LanShareActivity"
264-->src\main\AndroidManifest.xml:238:4-60
265            android:screenOrientation="portrait" />
265-->src\main\AndroidManifest.xml:239:4-40
266        <activity
266-->src\main\AndroidManifest.xml:240:3-242:42
267            android:name="com.netfeige2.display.ui.DiscussActivity"
267-->src\main\AndroidManifest.xml:241:4-59
268            android:screenOrientation="portrait" />
268-->src\main\AndroidManifest.xml:242:4-40
269        <activity
269-->src\main\AndroidManifest.xml:243:3-245:42
270            android:name="com.netfeige2.display.ui.NewDiscussActivity"
270-->src\main\AndroidManifest.xml:244:4-62
271            android:screenOrientation="portrait" />
271-->src\main\AndroidManifest.xml:245:4-40
272        <activity
272-->src\main\AndroidManifest.xml:246:3-248:42
273            android:name="com.netfeige2.display.ui.DiscussChatActivity"
273-->src\main\AndroidManifest.xml:247:4-63
274            android:screenOrientation="portrait" />
274-->src\main\AndroidManifest.xml:248:4-40
275
276        <provider
276-->[androidx.emoji2:emoji2:1.2.0] AndroidManifest.xml:24:9-32:20
277            android:name="androidx.startup.InitializationProvider"
277-->[androidx.emoji2:emoji2:1.2.0] AndroidManifest.xml:25:13-67
278            android:authorities="com.netfeige2.androidx-startup"
278-->[androidx.emoji2:emoji2:1.2.0] AndroidManifest.xml:26:13-68
279            android:exported="false" >
279-->[androidx.emoji2:emoji2:1.2.0] AndroidManifest.xml:27:13-37
280            <meta-data
280-->[androidx.emoji2:emoji2:1.2.0] AndroidManifest.xml:29:13-31:52
281                android:name="androidx.emoji2.text.EmojiCompatInitializer"
281-->[androidx.emoji2:emoji2:1.2.0] AndroidManifest.xml:30:17-75
282                android:value="androidx.startup" />
282-->[androidx.emoji2:emoji2:1.2.0] AndroidManifest.xml:31:17-49
283            <meta-data
283-->[androidx.lifecycle:lifecycle-process:2.4.1] AndroidManifest.xml:31:13-33:52
284                android:name="androidx.lifecycle.ProcessLifecycleInitializer"
284-->[androidx.lifecycle:lifecycle-process:2.4.1] AndroidManifest.xml:32:17-78
285                android:value="androidx.startup" />
285-->[androidx.lifecycle:lifecycle-process:2.4.1] AndroidManifest.xml:33:17-49
286        </provider>
287    </application>
288
289</manifest>